<?xml version="1.0" encoding="UTF-8"?>
<testsuite name="aplikacja.dostawy.DostawaTest" tests="2" skipped="0" failures="0" errors="0" timestamp="2022-01-18T21:19:27" hostname="LEGION" time="0.016">
  <properties/>
  <testcase name="testDodajZamowienieDoDostawy()" classname="aplikacja.dostawy.DostawaTest" time="0.015"/>
  <testcase name="testSprawdzMiejsceNaStatku()" classname="aplikacja.dostawy.DostawaTest" time="0.001"/>
  <system-out><![CDATA[]]></system-out>
  <system-err><![CDATA[]]></system-err>
</testsuite>
